2022-11-16 00:46:24.9098 WARN Server runtime error
2022-11-16 00:47:04.9578 WARN Server runtime error
2022-11-16 00:49:17.3353 WARN Server runtime error
2022-11-16 00:49:17.3353 WARN Server runtime error
2022-11-16 00:49:23.9753 WARN Server runtime error
2022-11-16 00:49:23.9753 WARN Server runtime error
2022-11-16 00:51:14.1432 ERROR Server runtime error
2022-11-16 00:51:14.1581 ERROR Ссылка на объект не указывает на экземпляр объекта.
2022-11-16 00:51:54.1059 INFO Default json setup
2022-11-16 00:51:54.5852 INFO Json claimed
2022-11-16 00:53:23.8500 INFO Json claimed
2022-11-16 00:54:16.3890 INFO Json claimed
2022-11-16 00:54:50.1578 INFO Json claimed
2022-11-16 00:55:12.3300 INFO Json claimed
2022-11-16 00:55:47.2135 INFO Json claimed
2022-11-16 00:55:56.8504 INFO Json claimed
2022-11-16 00:55:56.8684 ERROR Server runtime error
2022-11-16 00:55:56.8684 ERROR Обычно разрешается только одно использование адреса сокета (протокол/сетевой адрес/порт)
2022-11-16 00:56:16.7896 INFO Json claimed
2022-11-16 00:56:16.8086 ERROR Server runtime error
2022-11-16 00:56:16.8086 ERROR Обычно разрешается только одно использование адреса сокета (протокол/сетевой адрес/порт)
2022-11-16 00:57:10.1051 INFO Json claimed
