2022-11-20 19:39:49.2192 INFO Json claimed
2022-11-20 19:41:16.0569 INFO Json claimed
2022-11-20 19:43:36.0455 INFO Json claimed
2022-11-20 19:46:17.8266 INFO Json claimed
2022-11-20 19:47:26.5426 INFO Json claimed
2022-11-20 19:47:52.0607 INFO Json claimed
2022-11-20 19:48:52.3714 INFO Json claimed
2022-11-20 19:49:21.0074 INFO Json claimed
2022-11-20 19:49:49.8520 INFO Json claimed
2022-11-20 19:55:06.0789 INFO Json claimed
2022-11-20 19:55:38.9197 INFO Json claimed
2022-11-20 20:00:50.0915 INFO Json claimed
2022-11-20 20:01:24.7179 ERROR Server runtime error
2022-11-20 20:01:24.7179 ERROR Операция блокирования прервана вызовом WSACancelBlockingCall
2022-11-20 20:05:19.6360 INFO Json claimed
2022-11-20 20:06:25.8907 INFO Json claimed
2022-11-20 20:06:29.6648 ERROR addUser
2022-11-20 20:06:38.3360 ERROR Server runtime error
2022-11-20 20:06:38.3360 ERROR Недопустимая операция в нескольких потоках: попытка доступа к элементу управления '' не из того потока, в котором он был создан.
2022-11-20 20:08:26.3020 INFO Json claimed
2022-11-20 20:08:31.8203 ERROR addUser
2022-11-20 20:08:34.0779 ERROR Server runtime error
2022-11-20 20:08:34.0779 ERROR Недопустимая операция в нескольких потоках: попытка доступа к элементу управления '' не из того потока, в котором он был создан.
2022-11-20 20:09:01.6637 INFO Json claimed
2022-11-20 20:09:05.6277 ERROR addUser
2022-11-20 20:09:07.9482 ERROR Server runtime error
2022-11-20 20:09:07.9482 ERROR Недопустимая операция в нескольких потоках: попытка доступа к элементу управления '' не из того потока, в котором он был создан.
2022-11-20 20:10:04.7025 INFO Json claimed
2022-11-20 20:10:09.3608 ERROR addUser
2022-11-20 20:10:17.1527 ERROR Server runtime error
2022-11-20 20:10:17.1527 ERROR Недопустимая операция в нескольких потоках: попытка доступа к элементу управления '' не из того потока, в котором он был создан.
2022-11-20 20:11:01.5257 INFO Json claimed
2022-11-20 20:11:03.8686 ERROR Server runtime error
2022-11-20 20:11:03.8686 ERROR Недопустимая операция в нескольких потоках: попытка доступа к элементу управления '' не из того потока, в котором он был создан.
2022-11-20 20:11:12.0814 INFO Json claimed
2022-11-20 20:11:17.0153 ERROR addUser
2022-11-20 20:11:18.7454 ERROR addUser2
2022-11-20 20:11:29.9456 ERROR Server runtime error
2022-11-20 20:11:29.9456 ERROR Операция блокирования прервана вызовом WSACancelBlockingCall
